<?xml version="1.0" encoding="UTF-8"?>
<!-- Generated by org.testng.reporters.JUnitReportReporter -->
<testsuite hostname="DESKTOP-7OS350A" failures="0" tests="1" name="TestNgNewClass" time="0.013" errors="0" timestamp="2021-12-06T10:29:18 EST" skipped="0">
  <testcase classname="TestNgNewClass" name="Login11" time="0.013"/>
  <system-out/>
</testsuite> <!-- TestNgNewClass -->
