<?xml version="1.0" encoding="UTF-8"?>
<!-- Generated by org.testng.reporters.JUnitReportReporter -->
<testsuite hostname="DESKTOP-7OS350A" failures="0" tests="2" name="Class1" time="0.014" errors="0" timestamp="2021-12-06T12:01:48 EST" skipped="0">
  <testcase classname="Class1" name="Login1" time="0.013"/>
  <system-out/>
  <testcase classname="Class1" name="Login2" time="0.001"/>
  <system-out/>
</testsuite> <!-- Class1 -->
