<?xml version="1.0" encoding="UTF-8"?>
<!-- Generated by org.testng.reporters.JUnitReportReporter -->
<testsuite hostname="DESKTOP-7OS350A" failures="0" tests="4" name="Testclass" time="0.016" errors="0" timestamp="2021-12-02T11:24:09 EST" skipped="0">
  <testcase classname="Testclass" name="Login34" time="0.010"/>
  <system-out/>
  <testcase classname="Testclass" name="Login1" time="0.002"/>
  <system-out/>
  <testcase classname="Testclass" name="Login" time="0.002"/>
  <system-out/>
  <testcase classname="Testclass" name="Login2" time="0.002"/>
  <system-out/>
</testsuite> <!-- Testclass -->
