<?xml version="1.0" encoding="UTF-8"?>
<!-- Generated by org.testng.reporters.JUnitReportReporter -->
<testsuite hostname="DESKTOP-7OS350A" failures="0" tests="2" name="Class2" time="0.017" errors="0" timestamp="2021-12-06T10:33:04 EST" skipped="0">
  <testcase classname="Class2" name="Login3" time="0.015"/>
  <system-out/>
  <testcase classname="Class2" name="Login4" time="0.002"/>
  <system-out/>
</testsuite> <!-- Class2 -->
